<?xml version="1.0" encoding="UTF-8"?>
<!-- Generated by org.testng.reporters.JUnitReportReporter -->
<testsuite skipped="0" hostname="DESKTOP-6SES0ET" name="pageObject.OrangeTest" tests="1" failures="0" timestamp="12 Jan 2019 18:23:38 GMT" time="11.158" errors="0">
  <testcase name="negativeLogin" time="11.158" classname="pageObject.OrangeTest"/>
</testsuite> <!-- pageObject.OrangeTest -->
